#
# There is insufficient memory for the Java Runtime Environment to continue.
# Native memory allocation (malloc) failed to allocate 32744 bytes for ChunkPool::allocate
# Possible reasons:
#   The system is out of physical RAM or swap space
#   In 32 bit mode, the process size limit was hit
# Possible solutions:
#   Reduce memory load on the system
#   Increase physical memory or swap space
#   Check if swap backing store is full
#   Use 64 bit Java on a 64 bit OS
#   Decrease Java heap size (-Xmx/-Xms)
#   Decrease number of Java threads
#   Decrease Java thread stack sizes (-Xss)
#   Set larger code cache with -XX:ReservedCodeCacheSize=
# This output file may be truncated or incomplete.
#
#  Out of Memory Error (allocation.cpp:211), pid=18592, tid=23816
#
# JRE version: Java(TM) SE Runtime Environment (7.0_71-b14) (build 1.7.0_71-b14)
# Java VM: Java HotSpot(TM) 64-Bit Server VM (24.71-b01 mixed mode windows-amd64 compressed oops)
# Failed to write core dump. Minidumps are not enabled by default on client versions of Windows
#

---------------  T H R E A D  ---------------

Current thread (0x0000000009077000):  JavaThread "C2 CompilerThread0" daemon [_thread_in_native, id=23816, stack(0x000000000b5a0000,0x000000000b6a0000)]

Stack: [0x000000000b5a0000,0x000000000b6a0000]
[error occurred during error reporting (printing stack bounds), id 0xc0000005]


Current CompileTask:
C2:1032505 2303             org.objectweb.asm.ClassReader::accept (5770 bytes)


---------------  P R O C E S S  ---------------

Java Threads: ( => current thread )
  0x000000000f4fa000 JavaThread "stdout" [_thread_in_native, id=3892, stack(0x00000000130e0000,0x00000000131e0000)]
  0x000000000f859000 JavaThread "stderr" [_thread_in_native, id=21780, stack(0x0000000012f50000,0x0000000013050000)]
  0x000000000f859800 JavaThread "stdout" [_thread_in_native, id=31292, stack(0x0000000012dc0000,0x0000000012ec0000)]
  0x000000000f85b000 JavaThread "stderr" [_thread_in_native, id=29888, stack(0x00000000128b0000,0x00000000129b0000)]
  0x000000000f857800 JavaThread "stdout" [_thread_in_native, id=12132, stack(0x0000000012c70000,0x0000000012d70000)]
  0x000000000f858000 JavaThread "stderr" [_thread_in_native, id=13676, stack(0x0000000011e80000,0x0000000011f80000)]
  0x000000000f85c800 JavaThread "stdout" [_thread_in_native, id=5112, stack(0x0000000011830000,0x0000000011930000)]
  0x000000000f85a800 JavaThread "stderr" [_thread_in_native, id=31492, stack(0x0000000012b40000,0x0000000012c40000)]
  0x000000000f85d800 JavaThread "stdout" [_thread_in_native, id=21760, stack(0x00000000129c0000,0x0000000012ac0000)]
  0x000000000f85c000 JavaThread "stderr" [_thread_in_native, id=32720, stack(0x00000000127a0000,0x00000000128a0000)]
  0x000000000f856800 JavaThread "pool-4-thread-8" [_thread_blocked, id=28968, stack(0x0000000011fa0000,0x00000000120a0000)]
  0x000000000c364000 JavaThread "pool-4-thread-7" [_thread_blocked, id=23080, stack(0x0000000011d50000,0x0000000011e50000)]
  0x000000000c363800 JavaThread "pool-4-thread-6" [_thread_blocked, id=32968, stack(0x0000000011a80000,0x0000000011b80000)]
  0x000000000c362800 JavaThread "pool-4-thread-5" [_thread_blocked, id=16508, stack(0x0000000011bc0000,0x0000000011cc0000)]
  0x000000000c362000 JavaThread "pool-4-thread-4" [_thread_blocked, id=25976, stack(0x0000000011960000,0x0000000011a60000)]
  0x000000000c361000 JavaThread "pool-4-thread-3" [_thread_blocked, id=29684, stack(0x0000000011730000,0x0000000011830000)]
  0x000000000d4f2800 JavaThread "pool-4-thread-2" [_thread_blocked, id=12640, stack(0x0000000011540000,0x0000000011640000)]
  0x000000000d4f2000 JavaThread "pool-4-thread-1" [_thread_blocked, id=17936, stack(0x000000000e170000,0x000000000e270000)]
  0x000000000d4f1000 JavaThread "Stdin handler" [_thread_blocked, id=18048, stack(0x000000000e2b0000,0x000000000e3b0000)]
  0x000000000d4f0800 JavaThread "Cancel handler" [_thread_blocked, id=30784, stack(0x000000000e070000,0x000000000e170000)]
  0x000000000d4ef800 JavaThread "Handler for socket connection from /127.0.0.1:58781 to /127.0.0.1:64528" [_thread_in_native, id=32360, stack(0x000000000de60000,0x000000000df60000)]
  0x000000000e6da000 JavaThread "Daemon worker Thread 2" [_thread_blocked, id=25288, stack(0x000000000dca0000,0x000000000dda0000)]
  0x000000000c03d000 JavaThread "Daemon Thread 2" [_thread_blocked, id=16236, stack(0x000000000daa0000,0x000000000dba0000)]
  0x000000000cc59800 JavaThread "File lock request listener" [_thread_in_native, id=30692, stack(0x000000000e460000,0x000000000e560000)]
  0x000000000ca41800 JavaThread "Incoming local TCP Connector on port 58781" [_thread_in_native, id=25880, stack(0x000000000ba40000,0x000000000bb40000)]
  0x000000000907f800 JavaThread "Service Thread" daemon [_thread_blocked, id=28448, stack(0x000000000bc60000,0x000000000bd60000)]
  0x000000000907e800 JavaThread "C2 CompilerThread1" daemon [_thread_blocked, id=23692, stack(0x000000000bb60000,0x000000000bc60000)]
=>0x0000000009077000 JavaThread "C2 CompilerThread0" daemon [_thread_in_native, id=23816, stack(0x000000000b5a0000,0x000000000b6a0000)]
  0x0000000009076800 JavaThread "Attach Listener" daemon [_thread_blocked, id=24936, stack(0x000000000b940000,0x000000000ba40000)]
  0x0000000009074800 JavaThread "Signal Dispatcher" daemon [_thread_blocked, id=24040, stack(0x000000000b330000,0x000000000b430000)]
  0x0000000009067800 JavaThread "Finalizer" daemon [_thread_blocked, id=13076, stack(0x000000000b6d0000,0x000000000b7d0000)]
  0x0000000009061000 JavaThread "Reference Handler" daemon [_thread_blocked, id=32232, stack(0x000000000b4a0000,0x000000000b5a0000)]
  0x000000000213e800 JavaThread "main" [_thread_blocked, id=24548, stack(0x0000000002510000,0x0000000002610000)]

Other Threads:
  0x000000000905e000 VMThread [stack: 0x000000000b200000,0x000000000b300000] [id=25340]
  0x000000000a239800 WatcherThread [stack: 0x000000000b800000,0x000000000b900000] [id=29768]

VM state:not at safepoint (normal execution)

VM Mutex/Monitor currently owned by a thread: None

Heap
 PSYoungGen      total 309760K, used 144039K [0x00000000eaa80000, 0x0000000100000000, 0x0000000100000000)
  eden space 267776K, 47% used [0x00000000eaa80000,0x00000000f259e2b0,0x00000000fb000000)
  from space 41984K, 42% used [0x00000000fd700000,0x00000000fe88ba58,0x0000000100000000)
  to   space 39936K, 0% used [0x00000000fb000000,0x00000000fb000000,0x00000000fd700000)
 ParOldGen       total 116736K, used 51640K [0x00000000c0000000, 0x00000000c7200000, 0x00000000eaa80000)
  object space 116736K, 44% used [0x00000000c0000000,0x00000000c326e358,0x00000000c7200000)
 PSPermGen       total 102400K, used 69661K [0x00000000b0000000, 0x00000000b6400000, 0x00000000c0000000)
  object space 102400K, 68% used [0x00000000b0000000,0x00000000b4407500,0x00000000b6400000)

Card table byte_map: [0x0000000005610000,0x00000000058a0000] byte_map_base: 0x0000000005090000

Polling page: 0x0000000000430000

Code Cache  [0x0000000002610000, 0x0000000002e90000, 0x0000000005610000)
 total_blobs=2791 nmethods=2142 adapters=600 free_code_cache=40585Kb largest_free_block=41470720

Compilation events (10 events):
Event: 1032.002 Thread 0x000000000907e800 2327             com.google.common.collect.AbstractMapBasedMultimap$WrappedCollection$WrappedIterator::next (14 bytes)
Event: 1032.008 Thread 0x000000000907e800 nmethod 2327 0x0000000002e7c590 code [0x0000000002e7c760, 0x0000000002e7cdc8]
Event: 1032.008 Thread 0x000000000907e800 2328             com.google.common.collect.AbstractMapBasedMultimap::get (31 bytes)
Event: 1032.013 Thread 0x000000000907e800 nmethod 2328 0x0000000002e80d90 code [0x0000000002e80f20, 0x0000000002e81288]
Event: 1032.013 Thread 0x000000000907e800 2329             com.google.common.collect.AbstractListMultimap::get (9 bytes)
Event: 1032.023 Thread 0x000000000907e800 nmethod 2329 0x0000000002e7e4d0 code [0x0000000002e7e6c0, 0x0000000002e7ede0]
Event: 1032.023 Thread 0x000000000907e800 2330             org.gradle.api.internal.BeanDynamicObject::access$400 (5 bytes)
Event: 1032.025 Thread 0x000000000907e800 nmethod 2330 0x0000000002e81890 code [0x0000000002e819e0, 0x0000000002e81b28]
Event: 1032.025 Thread 0x000000000907e800 2331             org.gradle.api.internal.BeanDynamicObject::getMetaClass (39 bytes)
Event: 1032.026 Thread 0x000000000907e800 nmethod 2331 0x0000000002e7e110 code [0x0000000002e7e260, 0x0000000002e7e3a8]

GC Heap History (10 events):
Event: 987.990 GC heap before
{Heap before GC invocations=13 (full 2):
 PSYoungGen      total 309248K, used 14246K [0x00000000eaa80000, 0x0000000100000000, 0x0000000100000000)
  eden space 268800K, 0% used [0x00000000eaa80000,0x00000000eaa80000,0x00000000fb100000)
  from space 40448K, 35% used [0x00000000fb100000,0x00000000fbee98a0,0x00000000fd880000)
  to   space 38912K, 0% used [0x00000000fda00000,0x00000000fda00000,0x0000000100000000)
 ParOldGen       total 85504K, used 85434K [0x00000000c0000000, 0x00000000c5380000, 0x00000000eaa80000)
  object space 85504K, 99% used [0x00000000c0000000,0x00000000c536eb10,0x00000000c5380000)
 PSPermGen       total 78336K, used 60755K [0x00000000b0000000, 0x00000000b4c80000, 0x00000000c0000000)
  object space 78336K, 77% used [0x00000000b0000000,0x00000000b3b54dc0,0x00000000b4c80000)
Event: 988.288 GC heap after
Heap after GC invocations=13 (full 2):
 PSYoungGen      total 309248K, used 0K [0x00000000eaa80000, 0x0000000100000000, 0x0000000100000000)
  eden space 268800K, 0% used [0x00000000eaa80000,0x00000000eaa80000,0x00000000fb100000)
  from space 40448K, 0% used [0x00000000fb100000,0x00000000fb100000,0x00000000fd880000)
  to   space 38912K, 0% used [0x00000000fda00000,0x00000000fda00000,0x0000000100000000)
 ParOldGen       total 116736K, used 57385K [0x00000000c0000000, 0x00000000c7200000, 0x00000000eaa80000)
  object space 116736K, 49% used [0x00000000c0000000,0x00000000c380a5f0,0x00000000c7200000)
 PSPermGen       total 103424K, used 59577K [0x00000000b0000000, 0x00000000b6500000, 0x00000000c0000000)
  object space 103424K, 57% used [0x00000000b0000000,0x00000000b3a2e538,0x00000000b6500000)
}
Event: 988.619 GC heap before
{Heap before GC invocations=14 (full 2):
 PSYoungGen      total 309248K, used 17965K [0x00000000eaa80000, 0x0000000100000000, 0x0000000100000000)
  eden space 268800K, 6% used [0x00000000eaa80000,0x00000000ebc0b5c8,0x00000000fb100000)
  from space 40448K, 0% used [0x00000000fb100000,0x00000000fb100000,0x00000000fd880000)
  to   space 38912K, 0% used [0x00000000fda00000,0x00000000fda00000,0x0000000100000000)
 ParOldGen       total 116736K, used 57385K [0x00000000c0000000, 0x00000000c7200000, 0x00000000eaa80000)
  object space 116736K, 49% used [0x00000000c0000000,0x00000000c380a5f0,0x00000000c7200000)
 PSPermGen       total 103424K, used 59729K [0x00000000b0000000, 0x00000000b6500000, 0x00000000c0000000)
  object space 103424K, 57% used [0x00000000b0000000,0x00000000b3a54470,0x00000000b6500000)
Event: 988.623 GC heap after
Heap after GC invocations=14 (full 2):
 PSYoungGen      total 308736K, used 787K [0x00000000eaa80000, 0x00000000fff80000, 0x0000000100000000)
  eden space 270336K, 0% used [0x00000000eaa80000,0x00000000eaa80000,0x00000000fb280000)
  from space 38400K, 2% used [0x00000000fda00000,0x00000000fdac4da8,0x00000000fff80000)
  to   space 39424K, 0% used [0x00000000fb280000,0x00000000fb280000,0x00000000fd900000)
 ParOldGen       total 116736K, used 57393K [0x00000000c0000000, 0x00000000c7200000, 0x00000000eaa80000)
  object space 116736K, 49% used [0x00000000c0000000,0x00000000c380c5f0,0x00000000c7200000)
 PSPermGen       total 103424K, used 59729K [0x00000000b0000000, 0x00000000b6500000, 0x00000000c0000000)
  object space 103424K, 57% used [0x00000000b0000000,0x00000000b3a54470,0x00000000b6500000)
}
Event: 988.623 GC heap before
{Heap before GC invocations=15 (full 3):
 PSYoungGen      total 308736K, used 787K [0x00000000eaa80000, 0x00000000fff80000, 0x0000000100000000)
  eden space 270336K, 0% used [0x00000000eaa80000,0x00000000eaa80000,0x00000000fb280000)
  from space 38400K, 2% used [0x00000000fda00000,0x00000000fdac4da8,0x00000000fff80000)
  to   space 39424K, 0% used [0x00000000fb280000,0x00000000fb280000,0x00000000fd900000)
 ParOldGen       total 116736K, used 57393K [0x00000000c0000000, 0x00000000c7200000, 0x00000000eaa80000)
  object space 116736K, 49% used [0x00000000c0000000,0x00000000c380c5f0,0x00000000c7200000)
 PSPermGen       total 103424K, used 59729K [0x00000000b0000000, 0x00000000b6500000, 0x00000000c0000000)
  object space 103424K, 57% used [0x00000000b0000000,0x00000000b3a54470,0x00000000b6500000)
Event: 988.843 GC heap after
Heap after GC invocations=15 (full 3):
 PSYoungGen      total 308736K, used 0K [0x00000000eaa80000, 0x00000000fff80000, 0x0000000100000000)
  eden space 270336K, 0% used [0x00000000eaa80000,0x00000000eaa80000,0x00000000fb280000)
  from space 38400K, 0% used [0x00000000fda00000,0x00000000fda00000,0x00000000fff80000)
  to   space 39424K, 0% used [0x00000000fb280000,0x00000000fb280000,0x00000000fd900000)
 ParOldGen       total 116736K, used 32198K [0x00000000c0000000, 0x00000000c7200000, 0x00000000eaa80000)
  object space 116736K, 27% used [0x00000000c0000000,0x00000000c1f71b60,0x00000000c7200000)
 PSPermGen       total 102400K, used 52812K [0x00000000b0000000, 0x00000000b6400000, 0x00000000c0000000)
  object space 102400K, 51% used [0x00000000b0000000,0x00000000b3393030,0x00000000b6400000)
}
Event: 1025.904 GC heap before
{Heap before GC invocations=16 (full 3):
 PSYoungGen      total 308736K, used 270336K [0x00000000eaa80000, 0x00000000fff80000, 0x0000000100000000)
  eden space 270336K, 100% used [0x00000000eaa80000,0x00000000fb280000,0x00000000fb280000)
  from space 38400K, 0% used [0x00000000fda00000,0x00000000fda00000,0x00000000fff80000)
  to   space 39424K, 0% used [0x00000000fb280000,0x00000000fb280000,0x00000000fd900000)
 ParOldGen       total 116736K, used 32198K [0x00000000c0000000, 0x00000000c7200000, 0x00000000eaa80000)
  object space 116736K, 27% used [0x00000000c0000000,0x00000000c1f71b60,0x00000000c7200000)
 PSPermGen       total 102400K, used 60289K [0x00000000b0000000, 0x00000000b6400000, 0x00000000c0000000)
  object space 102400K, 58% used [0x00000000b0000000,0x00000000b3ae0758,0x00000000b6400000)
Event: 1025.930 GC heap after
Heap after GC invocations=16 (full 3):
 PSYoungGen      total 299520K, used 29008K [0x00000000eaa80000, 0x0000000100000000, 0x0000000100000000)
  eden space 270336K, 0% used [0x00000000eaa80000,0x00000000eaa80000,0x00000000fb280000)
  from space 29184K, 99% used [0x00000000fb280000,0x00000000fced4198,0x00000000fcf00000)
  to   space 41984K, 0% used [0x00000000fd700000,0x00000000fd700000,0x0000000100000000)
 ParOldGen       total 116736K, used 32198K [0x00000000c0000000, 0x00000000c7200000, 0x00000000eaa80000)
  object space 116736K, 27% used [0x00000000c0000000,0x00000000c1f71b60,0x00000000c7200000)
 PSPermGen       total 102400K, used 60289K [0x00000000b0000000, 0x00000000b6400000, 0x00000000c0000000)
  object space 102400K, 58% used [0x00000000b0000000,0x00000000b3ae0758,0x00000000b6400000)
}
Event: 1030.243 GC heap before
{Heap before GC invocations=17 (full 3):
 PSYoungGen      total 299520K, used 299344K [0x00000000eaa80000, 0x0000000100000000, 0x0000000100000000)
  eden space 270336K, 100% used [0x00000000eaa80000,0x00000000fb280000,0x00000000fb280000)
  from space 29184K, 99% used [0x00000000fb280000,0x00000000fced4198,0x00000000fcf00000)
  to   space 41984K, 0% used [0x00000000fd700000,0x00000000fd700000,0x0000000100000000)
 ParOldGen       total 116736K, used 32198K [0x00000000c0000000, 0x00000000c7200000, 0x00000000eaa80000)
  object space 116736K, 27% used [0x00000000c0000000,0x00000000c1f71b60,0x00000000c7200000)
 PSPermGen       total 102400K, used 67635K [0x00000000b0000000, 0x00000000b6400000, 0x00000000c0000000)
  object space 102400K, 66% used [0x00000000b0000000,0x00000000b420cdd0,0x00000000b6400000)
Event: 1030.270 GC heap after
Heap after GC invocations=17 (full 3):
 PSYoungGen      total 309760K, used 17966K [0x00000000eaa80000, 0x0000000100000000, 0x0000000100000000)
  eden space 267776K, 0% used [0x00000000eaa80000,0x00000000eaa80000,0x00000000fb000000)
  from space 41984K, 42% used [0x00000000fd700000,0x00000000fe88ba58,0x0000000100000000)
  to   space 39936K, 0% used [0x00000000fb000000,0x00000000fb000000,0x00000000fd700000)
 ParOldGen       total 116736K, used 51640K [0x00000000c0000000, 0x00000000c7200000, 0x00000000eaa80000)
  object space 116736K, 44% used [0x00000000c0000000,0x00000000c326e358,0x00000000c7200000)
 PSPermGen       total 102400K, used 67635K [0x00000000b0000000, 0x00000000b6400000, 0x00000000c0000000)
  object space 102400K, 66% used [0x00000000b0000000,0x00000000b420cdd0,0x00000000b6400000)
}

Deoptimization events (10 events):
Event: 1031.322 Thread 0x000000000e6da000 Uncommon trap: reason=bimorphic action=maybe_recompile pc=0x0000000002b507c4 method=java.util.zip.InflaterInputStream.read([BII)I @ 100
Event: 1031.463 Thread 0x000000000e6da000 Uncommon trap: reason=unreached action=reinterpret pc=0x0000000002854160 method=com.sun.org.apache.xerces.internal.dom.ParentNode.nodeListItem(I)Lorg/w3c/dom/Node; @ 15
Event: 1031.512 Thread 0x000000000e6da000 Uncommon trap: reason=unreached action=reinterpret pc=0x000000000283b660 method=com.sun.org.apache.xerces.internal.dom.ParentNode.nodeListItem(I)Lorg/w3c/dom/Node; @ 15
Event: 1031.729 Thread 0x000000000e6da000 Uncommon trap: reason=predicate action=maybe_recompile pc=0x0000000002e5e54c method=org.objectweb.asm.ClassReader.accept(Lorg/objectweb/asm/ClassVisitor;[Lorg/objectweb/asm/Attribute;I)V @ 869
Event: 1031.841 Thread 0x000000000e6da000 Uncommon trap: reason=class_check action=maybe_recompile pc=0x0000000002e4f558 method=com.android.tools.lint.client.api.ResourceVisitor.visitElement(Lcom/android/tools/lint/detector/api/XmlContext;Lorg/w3c/dom/Element;)V @ 126
Event: 1031.841 Thread 0x000000000e6da000 Uncommon trap: reason=class_check action=maybe_recompile pc=0x0000000002e4f558 method=com.android.tools.lint.client.api.ResourceVisitor.visitElement(Lcom/android/tools/lint/detector/api/XmlContext;Lorg/w3c/dom/Element;)V @ 126
Event: 1031.841 Thread 0x000000000e6da000 Uncommon trap: reason=class_check action=maybe_recompile pc=0x0000000002e4f558 method=com.android.tools.lint.client.api.ResourceVisitor.visitElement(Lcom/android/tools/lint/detector/api/XmlContext;Lorg/w3c/dom/Element;)V @ 126
Event: 1032.048 Thread 0x000000000e6da000 Uncommon trap: reason=unreached action=reinterpret pc=0x000000000269e470 method=org.codehaus.groovy.runtime.metaclass.MetaMethodIndex.getMethods(Ljava/lang/Class;Ljava/lang/String;)Lorg/codehaus/groovy/runtime/metaclass/MetaMethodIndex$Entry; @ 61
Event: 1032.052 Thread 0x000000000d4f2000 Uncommon trap: reason=unreached action=reinterpret pc=0x0000000002b48868 method=java.lang.ThreadLocal.get()Ljava/lang/Object; @ 11
Event: 1032.057 Thread 0x000000000c363800 Uncommon trap: reason=unreached action=reinterpret pc=0x0000000002b54358 method=java.lang.ThreadLocal.get()Ljava/lang/Object; @ 11

Internal exceptions (10 events):
Event: 1032.066 Thread 0x000000000d4f2000 Threw 0x00000000f2056e48 at C:\re\jdk7u71\1605\hotspot\src\share\vm\classfile\systemDictionary.cpp:185
Event: 1032.066 Thread 0x000000000d4f2000 Threw 0x00000000f2057dc8 at C:\re\jdk7u71\1605\hotspot\src\share\vm\prims\jvm.cpp:1281
Event: 1032.066 Thread 0x000000000d4f2000 Threw 0x00000000f205c930 at C:\re\jdk7u71\1605\hotspot\src\share\vm\prims\jvm.cpp:1281
Event: 1032.066 Thread 0x000000000d4f2000 Threw 0x00000000f2060d20 at C:\re\jdk7u71\1605\hotspot\src\share\vm\prims\jvm.cpp:1281
Event: 1032.066 Thread 0x000000000d4f2000 Threw 0x00000000f2060ff0 at C:\re\jdk7u71\1605\hotspot\src\share\vm\classfile\systemDictionary.cpp:185
Event: 1032.066 Thread 0x000000000d4f2000 Threw 0x00000000f20662c0 at C:\re\jdk7u71\1605\hotspot\src\share\vm\prims\jvm.cpp:1281
Event: 1032.067 Thread 0x000000000d4f2000 Threw 0x00000000f206a8f8 at C:\re\jdk7u71\1605\hotspot\src\share\vm\prims\jvm.cpp:1281
Event: 1032.067 Thread 0x000000000d4f2000 Threw 0x00000000f206e8c0 at C:\re\jdk7u71\1605\hotspot\src\share\vm\prims\jvm.cpp:1281
Event: 1032.067 Thread 0x000000000d4f2000 Threw 0x00000000f206eb88 at C:\re\jdk7u71\1605\hotspot\src\share\vm\classfile\systemDictionary.cpp:185
Event: 1032.071 Thread 0x000000000c363800 Threw 0x00000000f20bdc80 at C:\re\jdk7u71\1605\hotspot\src\share\vm\prims\jvm.cpp:1281

Events (10 events):
Event: 1032.078 Thread 0x000000000f85c000 Thread added: 0x000000000f85c000
Event: 1032.078 Thread 0x000000000f85d800 Thread added: 0x000000000f85d800
Event: 1032.081 Thread 0x000000000f85a800 Thread added: 0x000000000f85a800
Event: 1032.082 Thread 0x000000000f85c800 Thread added: 0x000000000f85c800
Event: 1032.092 Thread 0x000000000f858000 Thread added: 0x000000000f858000
Event: 1032.092 Thread 0x000000000f857800 Thread added: 0x000000000f857800
Event: 1032.104 Thread 0x000000000f85b000 Thread added: 0x000000000f85b000
Event: 1032.104 Thread 0x000000000f859800 Thread added: 0x000000000f859800
Event: 1032.110 Thread 0x000000000f859000 Thread added: 0x000000000f859000
Event: 1032.110 Thread 0x000000000f4fa000 Thread added: 0x000000000f4fa000


Dynamic libraries:
0x000000013f670000 - 0x000000013f6a3000 	C:\Program Files\Java\jdk1.7.0_71\bin\java.exe
0x00000000771f0000 - 0x0000000077399000 	C:\Windows\SYSTEM32\ntdll.dll
0x00000000770d0000 - 0x00000000771ef000 	C:\Windows\system32\kernel32.dll
0x000007fefc440000 - 0x000007fefc4ac000 	C:\Windows\system32\KERNELBASE.dll
0x000007fefd950000 - 0x000007fefda2b000 	C:\Windows\system32\ADVAPI32.dll
0x000007fefdc90000 - 0x000007fefdd2f000 	C:\Windows\system32\msvcrt.dll
0x000007fefddb0000 - 0x000007fefddcf000 	C:\Windows\SYSTEM32\sechost.dll
0x000007fefc8a0000 - 0x000007fefc9cd000 	C:\Windows\system32\RPCRT4.dll
0x0000000076fd0000 - 0x00000000770ca000 	C:\Windows\system32\USER32.dll
0x000007fefc620000 - 0x000007fefc687000 	C:\Windows\system32\GDI32.dll
0x000007fefe440000 - 0x000007fefe44e000 	C:\Windows\system32\LPK.dll
0x000007fefda30000 - 0x000007fefdaf9000 	C:\Windows\system32\USP10.dll
0x000007fefac30000 - 0x000007fefae24000 	C:\Windows\WinSxS\amd64_microsoft.windows.common-controls_6595b64144ccf1df_6.0.7601.17514_none_fa396087175ac9ac\COMCTL32.dll
0x000007fefdd30000 - 0x000007fefdda1000 	C:\Windows\system32\SHLWAPI.dll
0x000007fefdc60000 - 0x000007fefdc8e000 	C:\Windows\system32\IMM32.DLL
0x000007fefd840000 - 0x000007fefd949000 	C:\Windows\system32\MSCTF.dll
0x00000000789a0000 - 0x0000000078a72000 	C:\Program Files\Java\jdk1.7.0_71\jre\bin\msvcr100.dll
0x000000006ee40000 - 0x000000006f613000 	C:\Program Files\Java\jdk1.7.0_71\jre\bin\server\jvm.dll
0x000007fef8100000 - 0x000007fef8109000 	C:\Windows\system32\WSOCK32.dll
0x000007fefdfb0000 - 0x000007fefdffd000 	C:\Windows\system32\WS2_32.dll
0x000007fefe430000 - 0x000007fefe438000 	C:\Windows\system32\NSI.dll
0x000007fef9460000 - 0x000007fef949b000 	C:\Windows\system32\WINMM.dll
0x00000000773b0000 - 0x00000000773b7000 	C:\Windows\system32\PSAPI.DLL
0x00000000711a0000 - 0x00000000711af000 	C:\Program Files\Java\jdk1.7.0_71\jre\bin\verify.dll
0x0000000061880000 - 0x00000000618a8000 	C:\Program Files\Java\jdk1.7.0_71\jre\bin\java.dll
0x000000006d530000 - 0x000000006d545000 	C:\Program Files\Java\jdk1.7.0_71\jre\bin\zip.dll
0x000000006d330000 - 0x000000006d349000 	C:\Program Files\Java\jdk1.7.0_71\jre\bin\net.dll
0x000007fefba60000 - 0x000007fefbab5000 	C:\Windows\system32\mswsock.dll
0x000007fefba50000 - 0x000007fefba57000 	C:\Windows\System32\wship6.dll
0x0000000062120000 - 0x0000000062131000 	C:\Program Files\Java\jdk1.7.0_71\jre\bin\nio.dll
0x000007fefbcb0000 - 0x000007fefbcc7000 	C:\Windows\system32\CRYPTSP.dll
0x000007fefb780000 - 0x000007fefb7c7000 	C:\Windows\system32\rsaenh.dll
0x000007fefb520000 - 0x000007fefb53e000 	C:\Windows\system32\USERENV.dll
0x000007fefc1f0000 - 0x000007fefc1ff000 	C:\Windows\system32\profapi.dll
0x000007fefc120000 - 0x000007fefc12f000 	C:\Windows\system32\CRYPTBASE.dll
0x000007fef9cd0000 - 0x000007fef9cf7000 	C:\Windows\system32\IPHLPAPI.DLL
0x000007fef9ca0000 - 0x000007fef9cab000 	C:\Windows\system32\WINNSI.DLL
0x000007fef9920000 - 0x000007fef9931000 	C:\Windows\system32\dhcpcsvc6.DLL
0x000007fef98d0000 - 0x000007fef98e8000 	C:\Windows\system32\dhcpcsvc.DLL
0x000007fef5870000 - 0x000007fef5882000 	C:\Users\htan\AppData\Local\Temp\native-platform3067778871791356237dir\native-platform.dll
0x000007fefc0c0000 - 0x000007fefc117000 	C:\Windows\system32\apphelp.dll

VM Arguments:
jvm_args: -XX:MaxPermSize=256m -XX:+HeapDumpOnOutOfMemoryError -Xmx1024m -Dfile.encoding=windows-1252 -Duser.country=GB -Duser.language=en -Duser.variant 
java_command: org.gradle.launcher.daemon.bootstrap.GradleDaemon 2.2.1 C:\Users\htan\.gradle\daemon 10800000 f1bd2ac2-2848-4769-b009-82f7f2e59cef -XX:MaxPermSize=256m -XX:+HeapDumpOnOutOfMemoryError -Xmx1024m -Dfile.encoding=windows-1252 -Duser.country=GB -Duser.language=en -Duser.variant
Launcher Type: SUN_STANDARD

Environment Variables:
PATH=C:\Windows\system32;C:\Windows;C:\Windows\System32\Wbem;C:\Windows\System32\WindowsPowerShell\v1.0\;C:\Program Files (x86)\Microsoft SQL Server\100\Tools\Binn\VSShell\Common7\IDE\;C:\Program Files (x86)\Microsoft SQL Server\100\Tools\Binn\;C:\Program Files\Microsoft SQL Server\100\Tools\Binn\;C:\Program Files (x86)\Microsoft SQL Server\100\DTS\Binn\;C:\Program Files\Microsoft SQL Server\100\DTS\Binn\;C:\Program Files (x86)\Microsoft Team Foundation Server 2012 Power Tools\;C:\Program Files (x86)\Microsoft Team Foundation Server 2012 Power Tools\Best Practices Analyzer\;C:\Program Files\System Center Operations Manager 2007\;C:\Program Files (x86)\Microsoft ASP.NET\ASP.NET Web Pages\v1.0\;C:\Program Files (x86)\Windows Kits\8.0\Windows Performance Toolkit\;C:\Program Files\Microsoft SQL Server\110\Tools\Binn\;C:\Program Files\Microsoft\Web Platform Installer\;C:\Program Files\Devart\Review Assistant;C:\Program Files\Microsoft SQL Server\120\Tools\Binn\;C:\Program Files\OpenVPN\bin;C:\Program Files\nodejs\;C:\Users\htan\Documents\Visual Studio 2012\Projects\MvcApplication2\node_modules\protractor\selenium;C:\Program Files (x86)\Git\cmd;C:\Users\htan\AppData\Roaming\npm
USERNAME=htan
OS=Windows_NT
PROCESSOR_IDENTIFIER=Intel64 Family 6 Model 42 Stepping 7, GenuineIntel



---------------  S Y S T E M  ---------------

OS: Windows 7 , 64 bit Build 7601 Service Pack 1

CPU:total 8 (4 cores per cpu, 2 threads per core) family 6 model 42 stepping 7, cmov, cx8, fxsr, mmx, sse, sse2, sse3, ssse3, sse4.1, sse4.2, popcnt, avx, aes, ht, tsc, tscinvbit

Memory: 4k page, physical 8233400k(205376k free), swap 14312992k(3352k free)

vm_info: Java HotSpot(TM) 64-Bit Server VM (24.71-b01) for windows-amd64 JRE (1.7.0_71-b14), built on Sep 26 2014 16:16:12 by "java_re" with unknown MS VC++:1600

time: Wed Jan 28 11:44:56 2015
elapsed time: 1032 seconds

