#
# There is insufficient memory for the Java Runtime Environment to continue.
# Native memory allocation (malloc) failed to allocate 1048576 bytes for AllocateHeap
# Possible reasons:
#   The system is out of physical RAM or swap space
#   In 32 bit mode, the process size limit was hit
# Possible solutions:
#   Reduce memory load on the system
#   Increase physical memory or swap space
#   Check if swap backing store is full
#   Use 64 bit Java on a 64 bit OS
#   Decrease Java heap size (-Xmx/-Xms)
#   Decrease number of Java threads
#   Decrease Java thread stack sizes (-Xss)
#   Set larger code cache with -XX:ReservedCodeCacheSize=
# This output file may be truncated or incomplete.
#
#  Out of Memory Error (memory/allocation.inline.hpp:61), pid=30500, tid=27736
#
# JRE version:  (7.0_71-b14) (build )
# Java VM: Java HotSpot(TM) 64-Bit Server VM (24.71-b01 mixed mode windows-amd64 compressed oops)
# Failed to write core dump. Minidumps are not enabled by default on client versions of Windows
#

---------------  T H R E A D  ---------------

Current thread (0x000000000225e800):  JavaThread "Unknown thread" [_thread_in_vm, id=27736, stack(0x00000000025e0000,0x00000000026e0000)]

Stack: [0x00000000025e0000,0x00000000026e0000]
[error occurred during error reporting (printing stack bounds), id 0xc0000005]


---------------  P R O C E S S  ---------------

Java Threads: ( => current thread )

Other Threads:

=>0x000000000225e800 (exited) JavaThread "Unknown thread" [_thread_in_vm, id=27736, stack(0x00000000025e0000,0x00000000026e0000)]

VM state:not at safepoint (normal execution)

VM Mutex/Monitor currently owned by a thread: None

Heap
 PSYoungGen      total 37888K, used 655K [0x00000007d6100000, 0x00000007d8b00000, 0x0000000800000000)
  eden space 32768K, 2% used [0x00000007d6100000,0x00000007d61a3dc8,0x00000007d8100000)
  from space 5120K, 0% used [0x00000007d8600000,0x00000007d8600000,0x00000007d8b00000)
  to   space 5120K, 0% used [0x00000007d8100000,0x00000007d8100000,0x00000007d8600000)
 ParOldGen       total 85504K, used 0K [0x0000000782400000, 0x0000000787780000, 0x00000007d6100000)
  object space 85504K, 0% used [0x0000000782400000,0x0000000782400000,0x0000000787780000)
 PSPermGen       total 21504K, used 694K [0x000000077d200000, 0x000000077e700000, 0x0000000782400000)
  object space 21504K, 3% used [0x000000077d200000,0x000000077d2ad9f8,0x000000077e700000)

Card table byte_map: [0x00000000056e0000,0x0000000005b00000] byte_map_base: 0x0000000001af7000

Polling page: 0x0000000000230000

Code Cache  [0x00000000026e0000, 0x0000000002950000, 0x00000000056e0000)
 total_blobs=38 nmethods=0 adapters=20 free_code_cache=48889Kb largest_free_block=50062528

Compilation events (0 events):
No events

GC Heap History (0 events):
No events

Deoptimization events (0 events):
No events

Internal exceptions (0 events):
No events

Events (10 events):
Event: 0.016 loading class 0x000000000af603e0
Event: 0.016 loading class 0x000000000af603e0 done
Event: 0.016 loading class 0x000000000af60430
Event: 0.016 loading class 0x000000000af60430 done
Event: 0.016 loading class 0x000000000af60480
Event: 0.016 loading class 0x000000000af60480 done
Event: 0.017 loading class 0x000000000af611e0
Event: 0.017 loading class 0x000000000af611e0 done
Event: 0.017 loading class 0x000000000af60e00
Event: 0.017 loading class 0x000000000af60e00 done


Dynamic libraries:
0x000000013f670000 - 0x000000013f6a3000 	C:\Program Files\Java\jdk1.7.0_71\bin\java.exe
0x00000000771f0000 - 0x0000000077399000 	C:\Windows\SYSTEM32\ntdll.dll
0x00000000770d0000 - 0x00000000771ef000 	C:\Windows\system32\kernel32.dll
0x000007fefc440000 - 0x000007fefc4ac000 	C:\Windows\system32\KERNELBASE.dll
0x000007fefd950000 - 0x000007fefda2b000 	C:\Windows\system32\ADVAPI32.dll
0x000007fefdc90000 - 0x000007fefdd2f000 	C:\Windows\system32\msvcrt.dll
0x000007fefddb0000 - 0x000007fefddcf000 	C:\Windows\SYSTEM32\sechost.dll
0x000007fefc8a0000 - 0x000007fefc9cd000 	C:\Windows\system32\RPCRT4.dll
0x0000000076fd0000 - 0x00000000770ca000 	C:\Windows\system32\USER32.dll
0x000007fefc620000 - 0x000007fefc687000 	C:\Windows\system32\GDI32.dll
0x000007fefe440000 - 0x000007fefe44e000 	C:\Windows\system32\LPK.dll
0x000007fefda30000 - 0x000007fefdaf9000 	C:\Windows\system32\USP10.dll
0x000007fefac30000 - 0x000007fefae24000 	C:\Windows\WinSxS\amd64_microsoft.windows.common-controls_6595b64144ccf1df_6.0.7601.17514_none_fa396087175ac9ac\COMCTL32.dll
0x000007fefdd30000 - 0x000007fefdda1000 	C:\Windows\system32\SHLWAPI.dll
0x000007fefdc60000 - 0x000007fefdc8e000 	C:\Windows\system32\IMM32.DLL
0x000007fefd840000 - 0x000007fefd949000 	C:\Windows\system32\MSCTF.dll
0x00000000789a0000 - 0x0000000078a72000 	C:\Program Files\Java\jdk1.7.0_71\jre\bin\msvcr100.dll
0x000000006ee40000 - 0x000000006f613000 	C:\Program Files\Java\jdk1.7.0_71\jre\bin\server\jvm.dll
0x000007fef8100000 - 0x000007fef8109000 	C:\Windows\system32\WSOCK32.dll
0x000007fefdfb0000 - 0x000007fefdffd000 	C:\Windows\system32\WS2_32.dll
0x000007fefe430000 - 0x000007fefe438000 	C:\Windows\system32\NSI.dll
0x000007fef9460000 - 0x000007fef949b000 	C:\Windows\system32\WINMM.dll
0x00000000773b0000 - 0x00000000773b7000 	C:\Windows\system32\PSAPI.DLL
0x00000000711a0000 - 0x00000000711af000 	C:\Program Files\Java\jdk1.7.0_71\jre\bin\verify.dll
0x0000000061880000 - 0x00000000618a8000 	C:\Program Files\Java\jdk1.7.0_71\jre\bin\java.dll
0x000000006d530000 - 0x000000006d545000 	C:\Program Files\Java\jdk1.7.0_71\jre\bin\zip.dll

VM Arguments:
java_command: <unknown>
Launcher Type: SUN_STANDARD

Environment Variables:
PATH=C:\Windows\system32;C:\Windows;C:\Windows\System32\Wbem;C:\Windows\System32\WindowsPowerShell\v1.0\;C:\Program Files (x86)\Microsoft SQL Server\100\Tools\Binn\VSShell\Common7\IDE\;C:\Program Files (x86)\Microsoft SQL Server\100\Tools\Binn\;C:\Program Files\Microsoft SQL Server\100\Tools\Binn\;C:\Program Files (x86)\Microsoft SQL Server\100\DTS\Binn\;C:\Program Files\Microsoft SQL Server\100\DTS\Binn\;C:\Program Files (x86)\Microsoft Team Foundation Server 2012 Power Tools\;C:\Program Files (x86)\Microsoft Team Foundation Server 2012 Power Tools\Best Practices Analyzer\;C:\Program Files\System Center Operations Manager 2007\;C:\Program Files (x86)\Microsoft ASP.NET\ASP.NET Web Pages\v1.0\;C:\Program Files (x86)\Windows Kits\8.0\Windows Performance Toolkit\;C:\Program Files\Microsoft SQL Server\110\Tools\Binn\;C:\Program Files\Microsoft\Web Platform Installer\;C:\Program Files\Devart\Review Assistant;C:\Program Files\Microsoft SQL Server\120\Tools\Binn\;C:\Program Files\OpenVPN\bin;C:\Program Files\nodejs\;C:\Users\htan\Documents\Visual Studio 2012\Projects\MvcApplication2\node_modules\protractor\selenium;C:\Program Files (x86)\Git\cmd;C:\Users\htan\AppData\Roaming\npm
USERNAME=htan
OS=Windows_NT
PROCESSOR_IDENTIFIER=Intel64 Family 6 Model 42 Stepping 7, GenuineIntel



---------------  S Y S T E M  ---------------

OS: Windows 7 , 64 bit Build 7601 Service Pack 1

CPU:total 8 (4 cores per cpu, 2 threads per core) family 6 model 42 stepping 7, cmov, cx8, fxsr, mmx, sse, sse2, sse3, ssse3, sse4.1, sse4.2, popcnt, avx, aes, ht, tsc, tscinvbit

Memory: 4k page, physical 8233400k(811016k free), swap 14312992k(5848k free)

vm_info: Java HotSpot(TM) 64-Bit Server VM (24.71-b01) for windows-amd64 JRE (1.7.0_71-b14), built on Sep 26 2014 16:16:12 by "java_re" with unknown MS VC++:1600

time: Wed Jan 28 11:44:57 2015
elapsed time: 0 seconds

